<?xml version="1.0" encoding="UTF-8"?>
<robot generator="Robot 7.0 (Python 3.12.2 on win32)" generated="2024-03-13T15:48:46.976507" rpa="false" schemaversion="5">
<suite id="s1" name="Teste" source="C:\Users\johan\Robot\tests\teste.robot">
<test id="s1-t1" name="Cenário 1: Validar busca sem sucesso" line="15">
<kw name="Abrir site blog do agi" owner="keywords" type="SETUP">
<kw name="Open Browser" owner="SeleniumLibrary">
<msg time="2024-03-13T15:48:47.201470" level="INFO">Opening browser 'chrome' to base url 'https://blogdoagi.com.br/'.</msg>
<arg>${URL}</arg>
<arg>chrome</arg>
<doc>Opens a new browser instance to the optional ``url``.</doc>
<status status="PASS" start="2024-03-13T15:48:47.201470" elapsed="2.411371"/>
</kw>
<kw name="Maximize Browser Window" owner="SeleniumLibrary">
<doc>Maximizes current browser window.</doc>
<status status="PASS" start="2024-03-13T15:48:49.612841" elapsed="0.168602"/>
</kw>
<kw name="Wait Until Element Is Visible" owner="SeleniumLibrary">
<arg>locator=//a[@title='Ir para o conteúdo']</arg>
<arg>timeout=None</arg>
<arg>error="Título da página não encontrado"</arg>
<doc>Waits until the element ``locator`` is visible.</doc>
<status status="PASS" start="2024-03-13T15:48:49.781443" elapsed="0.123943"/>
</kw>
<status status="PASS" start="2024-03-13T15:48:47.185858" elapsed="2.719528"/>
</kw>
<kw name="Dado que acesso o site blog do agi" owner="keywords">
<kw name="Abrir site blog do agi" owner="keywords">
<kw name="Open Browser" owner="SeleniumLibrary">
<msg time="2024-03-13T15:48:49.907384" level="INFO">Opening browser 'chrome' to base url 'https://blogdoagi.com.br/'.</msg>
<arg>${URL}</arg>
<arg>chrome</arg>
<doc>Opens a new browser instance to the optional ``url``.</doc>
<status status="PASS" start="2024-03-13T15:48:49.906385" elapsed="2.203929"/>
</kw>
<kw name="Maximize Browser Window" owner="SeleniumLibrary">
<doc>Maximizes current browser window.</doc>
<status status="PASS" start="2024-03-13T15:48:52.110314" elapsed="0.124198"/>
</kw>
<kw name="Wait Until Element Is Visible" owner="SeleniumLibrary">
<arg>locator=//a[@title='Ir para o conteúdo']</arg>
<arg>timeout=None</arg>
<arg>error="Título da página não encontrado"</arg>
<doc>Waits until the element ``locator`` is visible.</doc>
<status status="PASS" start="2024-03-13T15:48:52.234512" elapsed="0.093702"/>
</kw>
<status status="PASS" start="2024-03-13T15:48:49.906385" elapsed="2.421829"/>
</kw>
<status status="PASS" start="2024-03-13T15:48:49.906385" elapsed="2.421829"/>
</kw>
<kw name="Quando preencho o campo de pesquisa" owner="keywords">
<kw name="Click Element" owner="SeleniumLibrary">
<msg time="2024-03-13T15:48:52.328214" level="INFO">Clicking element '//a[@class='slide-search astra-search-icon'][contains(.,'Pesquisar')]'.</msg>
<arg>//a[@class='slide-search astra-search-icon'][contains(.,'Pesquisar')]</arg>
<doc>Click the element identified by ``locator``.</doc>
<status status="PASS" start="2024-03-13T15:48:52.328214" elapsed="0.148696"/>
</kw>
<kw name="Wait Until Element Is Visible" owner="SeleniumLibrary">
<arg>//input[contains(@type,'search')]</arg>
<doc>Waits until the element ``locator`` is visible.</doc>
<status status="PASS" start="2024-03-13T15:48:52.476910" elapsed="0.240685"/>
</kw>
<kw name="Input Text" owner="SeleniumLibrary">
<msg time="2024-03-13T15:48:52.718595" level="INFO">Typing text 'Testes sem retorno válido' into text field '//input[contains(@type,'search')]'.</msg>
<arg>//input[contains(@type,'search')]</arg>
<arg>${argumento_pesquisa}</arg>
<doc>Types the given ``text`` into the text field identified by ``locator``.</doc>
<status status="PASS" start="2024-03-13T15:48:52.717595" elapsed="0.094223"/>
</kw>
<kw name="Set Variable" owner="BuiltIn">
<arg>${ARGUMENTO_PESQUISA}</arg>
<arg>${argumento_pesquisa}</arg>
<doc>Returns the given values which can then be assigned to a variables.</doc>
<status status="PASS" start="2024-03-13T15:48:52.811818" elapsed="0.000000"/>
</kw>
<arg>Testes sem retorno válido</arg>
<status status="PASS" start="2024-03-13T15:48:52.328214" elapsed="0.483604"/>
</kw>
<kw name="E clico em pesquisar" owner="keywords">
<kw name="Wait Until Element Is Visible" owner="SeleniumLibrary">
<arg>locator=//a[contains(.,'Pesquisar')]</arg>
<arg>timeout=None</arg>
<arg>error="Botão de pesquisa não encontrado"</arg>
<doc>Waits until the element ``locator`` is visible.</doc>
<status status="PASS" start="2024-03-13T15:48:52.811818" elapsed="0.014990"/>
</kw>
<kw name="Click Element" owner="SeleniumLibrary">
<msg time="2024-03-13T15:48:52.826808" level="INFO">Clicking element '//a[contains(.,'Pesquisar')]'.</msg>
<arg>locator=//a[contains(.,'Pesquisar')]</arg>
<doc>Click the element identified by ``locator``.</doc>
<status status="PASS" start="2024-03-13T15:48:52.826808" elapsed="1.134578"/>
</kw>
<kw name="Wait Until Element Is Visible" owner="SeleniumLibrary">
<arg>locator=//section[@class='ast-archive-description'][contains(.,'${ARGUMENTO_PESQUISA}')]</arg>
<arg>timeout=None</arg>
<arg>error="Retorno de pesquisa com erro"</arg>
<doc>Waits until the element ``locator`` is visible.</doc>
<status status="PASS" start="2024-03-13T15:48:53.961386" elapsed="0.036693"/>
</kw>
<status status="PASS" start="2024-03-13T15:48:52.811818" elapsed="1.186261"/>
</kw>
<kw name="Então apresenta a mensagem" owner="keywords">
<kw name="Wait Until Element Is Visible" owner="SeleniumLibrary">
<arg>locator=//h1[@class='page-title ast-archive-title'][contains(.,'Resultados encontrados para: ${ARGUMENTO_PESQUISA}')]</arg>
<arg>timeout=None</arg>
<arg>error="Retorno de pesquisa com erro"</arg>
<doc>Waits until the element ``locator`` is visible.</doc>
<status status="PASS" start="2024-03-13T15:48:53.998079" elapsed="0.011868"/>
</kw>
<status status="PASS" start="2024-03-13T15:48:53.998079" elapsed="0.011868"/>
</kw>
<kw name="E exibe a mensagem informativa" owner="keywords">
<kw name="Wait Until Element Is Visible" owner="SeleniumLibrary">
<arg>locator=//p[contains(.,'${mensagem}')]</arg>
<arg>timeout=None</arg>
<arg>error="Mensagem não localizada!"</arg>
<doc>Waits until the element ``locator`` is visible.</doc>
<status status="PASS" start="2024-03-13T15:48:54.009947" elapsed="0.016668"/>
</kw>
<arg>Lamentamos, mas nada foi encontrado para sua pesquisa, tente novamente com outras palavras.</arg>
<status status="PASS" start="2024-03-13T15:48:54.009947" elapsed="0.016668"/>
</kw>
<kw name="Fechar Navegador" owner="keywords" type="TEARDOWN">
<kw name="Close Browser" owner="SeleniumLibrary">
<doc>Closes the current browser.</doc>
<status status="PASS" start="2024-03-13T15:48:54.026615" elapsed="2.257041"/>
</kw>
<status status="PASS" start="2024-03-13T15:48:54.026615" elapsed="2.257041"/>
</kw>
<status status="PASS" start="2024-03-13T15:48:47.185858" elapsed="9.097798"/>
</test>
<test id="s1-t2" name="Cenário 2: Validar busca com sucesso" line="23">
<kw name="Abrir site blog do agi" owner="keywords" type="SETUP">
<kw name="Open Browser" owner="SeleniumLibrary">
<msg time="2024-03-13T15:48:56.283656" level="INFO">Opening browser 'chrome' to base url 'https://blogdoagi.com.br/'.</msg>
<arg>${URL}</arg>
<arg>chrome</arg>
<doc>Opens a new browser instance to the optional ``url``.</doc>
<status status="PASS" start="2024-03-13T15:48:56.283656" elapsed="2.414053"/>
</kw>
<kw name="Maximize Browser Window" owner="SeleniumLibrary">
<doc>Maximizes current browser window.</doc>
<status status="PASS" start="2024-03-13T15:48:58.697709" elapsed="0.160020"/>
</kw>
<kw name="Wait Until Element Is Visible" owner="SeleniumLibrary">
<arg>locator=//a[@title='Ir para o conteúdo']</arg>
<arg>timeout=None</arg>
<arg>error="Título da página não encontrado"</arg>
<doc>Waits until the element ``locator`` is visible.</doc>
<status status="PASS" start="2024-03-13T15:48:58.857729" elapsed="0.196925"/>
</kw>
<status status="PASS" start="2024-03-13T15:48:56.283656" elapsed="2.770998"/>
</kw>
<kw name="Dado que acesso o site blog do agi" owner="keywords">
<kw name="Abrir site blog do agi" owner="keywords">
<kw name="Open Browser" owner="SeleniumLibrary">
<msg time="2024-03-13T15:48:59.055654" level="INFO">Opening browser 'chrome' to base url 'https://blogdoagi.com.br/'.</msg>
<arg>${URL}</arg>
<arg>chrome</arg>
<doc>Opens a new browser instance to the optional ``url``.</doc>
<status status="PASS" start="2024-03-13T15:48:59.055654" elapsed="2.476839"/>
</kw>
<kw name="Maximize Browser Window" owner="SeleniumLibrary">
<doc>Maximizes current browser window.</doc>
<status status="PASS" start="2024-03-13T15:49:01.532493" elapsed="0.193101"/>
</kw>
<kw name="Wait Until Element Is Visible" owner="SeleniumLibrary">
<arg>locator=//a[@title='Ir para o conteúdo']</arg>
<arg>timeout=None</arg>
<arg>error="Título da página não encontrado"</arg>
<doc>Waits until the element ``locator`` is visible.</doc>
<status status="PASS" start="2024-03-13T15:49:01.725594" elapsed="0.114868"/>
</kw>
<status status="PASS" start="2024-03-13T15:48:59.055654" elapsed="2.785243"/>
</kw>
<status status="PASS" start="2024-03-13T15:48:59.054654" elapsed="2.786243"/>
</kw>
<kw name="Quando preencho o campo de pesquisa" owner="keywords">
<kw name="Click Element" owner="SeleniumLibrary">
<msg time="2024-03-13T15:49:01.842359" level="INFO">Clicking element '//a[@class='slide-search astra-search-icon'][contains(.,'Pesquisar')]'.</msg>
<arg>//a[@class='slide-search astra-search-icon'][contains(.,'Pesquisar')]</arg>
<doc>Click the element identified by ``locator``.</doc>
<status status="PASS" start="2024-03-13T15:49:01.842359" elapsed="0.059020"/>
</kw>
<kw name="Wait Until Element Is Visible" owner="SeleniumLibrary">
<arg>//input[contains(@type,'search')]</arg>
<doc>Waits until the element ``locator`` is visible.</doc>
<status status="PASS" start="2024-03-13T15:49:01.901379" elapsed="0.249592"/>
</kw>
<kw name="Input Text" owner="SeleniumLibrary">
<msg time="2024-03-13T15:49:02.152061" level="INFO">Typing text 'Teste' into text field '//input[contains(@type,'search')]'.</msg>
<arg>//input[contains(@type,'search')]</arg>
<arg>${argumento_pesquisa}</arg>
<doc>Types the given ``text`` into the text field identified by ``locator``.</doc>
<status status="PASS" start="2024-03-13T15:49:02.150971" elapsed="0.063324"/>
</kw>
<kw name="Set Variable" owner="BuiltIn">
<arg>${ARGUMENTO_PESQUISA}</arg>
<arg>${argumento_pesquisa}</arg>
<doc>Returns the given values which can then be assigned to a variables.</doc>
<status status="PASS" start="2024-03-13T15:49:02.214295" elapsed="0.000000"/>
</kw>
<arg>Teste</arg>
<status status="PASS" start="2024-03-13T15:49:01.841339" elapsed="0.372956"/>
</kw>
<kw name="E clico em pesquisar" owner="keywords">
<kw name="Wait Until Element Is Visible" owner="SeleniumLibrary">
<arg>locator=//a[contains(.,'Pesquisar')]</arg>
<arg>timeout=None</arg>
<arg>error="Botão de pesquisa não encontrado"</arg>
<doc>Waits until the element ``locator`` is visible.</doc>
<status status="PASS" start="2024-03-13T15:49:02.214295" elapsed="0.016650"/>
</kw>
<kw name="Click Element" owner="SeleniumLibrary">
<msg time="2024-03-13T15:49:02.230945" level="INFO">Clicking element '//a[contains(.,'Pesquisar')]'.</msg>
<arg>locator=//a[contains(.,'Pesquisar')]</arg>
<doc>Click the element identified by ``locator``.</doc>
<status status="PASS" start="2024-03-13T15:49:02.230945" elapsed="0.085098"/>
</kw>
<kw name="Wait Until Element Is Visible" owner="SeleniumLibrary">
<arg>locator=//section[@class='ast-archive-description'][contains(.,'${ARGUMENTO_PESQUISA}')]</arg>
<arg>timeout=None</arg>
<arg>error="Retorno de pesquisa com erro"</arg>
<doc>Waits until the element ``locator`` is visible.</doc>
<status status="PASS" start="2024-03-13T15:49:02.316043" elapsed="1.230510"/>
</kw>
<status status="PASS" start="2024-03-13T15:49:02.214295" elapsed="1.332258"/>
</kw>
<kw name="Então apresenta a mensagem" owner="keywords">
<kw name="Wait Until Element Is Visible" owner="SeleniumLibrary">
<arg>locator=//h1[@class='page-title ast-archive-title'][contains(.,'Resultados encontrados para: ${ARGUMENTO_PESQUISA}')]</arg>
<arg>timeout=None</arg>
<arg>error="Retorno de pesquisa com erro"</arg>
<doc>Waits until the element ``locator`` is visible.</doc>
<status status="PASS" start="2024-03-13T15:49:03.546553" elapsed="0.019075"/>
</kw>
<status status="PASS" start="2024-03-13T15:49:03.546553" elapsed="0.019075"/>
</kw>
<kw name="Fechar Navegador" owner="keywords" type="TEARDOWN">
<kw name="Close Browser" owner="SeleniumLibrary">
<doc>Closes the current browser.</doc>
<status status="PASS" start="2024-03-13T15:49:03.566628" elapsed="2.320097"/>
</kw>
<status status="PASS" start="2024-03-13T15:49:03.566628" elapsed="2.320097"/>
</kw>
<status status="PASS" start="2024-03-13T15:48:56.283656" elapsed="9.603069"/>
</test>
<doc>Etapa Teste Técnico | Johanne Batista - Automatizador de testes Sênior</doc>
<status status="PASS" start="2024-03-13T15:48:46.992899" elapsed="18.893826"/>
</suite>
<statistics>
<total>
<stat pass="2" fail="0" skip="0">All Tests</stat>
</total>
<tag>
</tag>
<suite>
<stat pass="2" fail="0" skip="0" id="s1" name="Teste">Teste</stat>
</suite>
</statistics>
<errors>
<msg time="2024-03-13T15:48:46.976507" level="WARN">Error in file 'C:\Users\johan\Robot\tests\teste.robot' on line 9: Singular section headers like '*** Variable ***' are deprecated. Use plural format like '*** Variables ***' instead.</msg>
<msg time="2024-03-13T15:48:46.976507" level="WARN">Error in file 'C:\Users\johan\Robot\tests\teste.robot' on line 14: Singular section headers like '*** Test Case ***' are deprecated. Use plural format like '*** Test Cases ***' instead.</msg>
<msg time="2024-03-13T15:48:47.185858" level="WARN">Imported resource file 'C:\Users\johan\Robot\resources\resources.robot' is empty.</msg>
</errors>
</robot>
